[2023-10-19T01:01:57.197Z] info: docker.yaml was copied to the config folder
[2023-10-19T01:01:57.203Z] info: custom.css was copied to the config folder
[2023-10-19T01:01:57.204Z] info: custom.js was copied to the config folder
[2023-10-19T01:01:57.254Z] info: kubernetes.yaml was copied to the config folder
[2023-10-19T01:06:56.167Z] error: Failed to load services.yaml, please check for errors
[2023-10-19T01:06:56.168Z] error: TypeError: services.map is not a function
[2023-10-19T01:06:56.177Z] error: Failed to load services.yaml, please check for errors
[2023-10-19T01:06:56.177Z] error: TypeError: services.map is not a function
[2023-10-19T01:06:56.430Z] error: Failed to load services.yaml, please check for errors
[2023-10-19T01:06:56.430Z] error: TypeError: services.map is not a function
[2023-10-19T01:06:57.477Z] error: Failed to load services.yaml, please check for errors
[2023-10-19T01:06:57.478Z] error: TypeError: services.map is not a function
[2023-10-19T01:06:58.328Z] error: Failed to load services.yaml, please check for errors
[2023-10-19T01:06:58.328Z] error: TypeError: services.map is not a function
[2023-10-19T01:06:58.676Z] error: Failed to load services.yaml, please check for errors
[2023-10-19T01:06:58.676Z] error: TypeError: services.map is not a function
[2023-10-19T01:07:02.958Z] error: Failed to load services.yaml, please check for errors
[2023-10-19T01:07:02.958Z] error: TypeError: services.map is not a function
[2023-10-19T01:07:11.958Z] error: Failed to load services.yaml, please check for errors
[2023-10-19T01:07:11.958Z] error: TypeError: services.map is not a function
[2023-10-19T01:07:22.942Z] error: Failed to load services.yaml, please check for errors
[2023-10-19T01:07:22.944Z] error: TypeError: services.map is not a function
[2023-10-19T01:07:39.409Z] error: Failed to load services.yaml, please check for errors
[2023-10-19T01:07:39.410Z] error: TypeError: services.map is not a function
[2023-10-19T01:08:13.354Z] error: <httpProxy> Error calling http://jellyfin.host.or.ip/emby/Items/Counts...
[2023-10-19T01:08:13.357Z] error: <httpProxy> [
  500,
  Error: getaddrinfo ENOTFOUND jellyfin.host.or.ip
      at GetAddrInfoReqWrap.onlookup [as oncomplete] (node:dns:108:26) {
    errno: -3008,
    code: 'ENOTFOUND',
    syscall: 'getaddrinfo',
    hostname: 'jellyfin.host.or.ip'
  }
]
[2023-10-19T01:08:13.359Z] error: <httpProxy> Error calling http://jellyfin.host.or.ip/emby/Sessions...
[2023-10-19T01:08:13.360Z] error: <httpProxy> [
  500,
  Error: getaddrinfo ENOTFOUND jellyfin.host.or.ip
      at GetAddrInfoReqWrap.onlookup [as oncomplete] (node:dns:108:26) {
    errno: -3008,
    code: 'ENOTFOUND',
    syscall: 'getaddrinfo',
    hostname: 'jellyfin.host.or.ip'
  }
]
[2023-10-19T01:08:13.401Z] error: <httpProxy> Error calling http://jellyfin.host.or.ip/emby/Items/Counts...
[2023-10-19T01:08:13.402Z] error: <httpProxy> [
  500,
  Error: getaddrinfo ENOTFOUND jellyfin.host.or.ip
      at GetAddrInfoReqWrap.onlookup [as oncomplete] (node:dns:108:26) {
    errno: -3008,
    code: 'ENOTFOUND',
    syscall: 'getaddrinfo',
    hostname: 'jellyfin.host.or.ip'
  }
]
[2023-10-19T01:08:13.402Z] error: <httpProxy> Error calling http://jellyfin.host.or.ip/emby/Sessions...
[2023-10-19T01:08:13.403Z] error: <httpProxy> [
  500,
  Error: getaddrinfo ENOTFOUND jellyfin.host.or.ip
      at GetAddrInfoReqWrap.onlookup [as oncomplete] (node:dns:108:26) {
    errno: -3008,
    code: 'ENOTFOUND',
    syscall: 'getaddrinfo',
    hostname: 'jellyfin.host.or.ip'
  }
]
[2023-10-19T01:08:18.489Z] error: <httpProxy> Error calling http://jellyfin.host.or.ip/emby/Sessions...
[2023-10-19T01:08:18.489Z] error: <httpProxy> [
  500,
  Error: getaddrinfo ENOTFOUND jellyfin.host.or.ip
      at GetAddrInfoReqWrap.onlookup [as oncomplete] (node:dns:108:26) {
    errno: -3008,
    code: 'ENOTFOUND',
    syscall: 'getaddrinfo',
    hostname: 'jellyfin.host.or.ip'
  }
]
[2023-10-19T01:08:23.623Z] error: <httpProxy> Error calling http://jellyfin.host.or.ip/emby/Sessions...
[2023-10-19T01:08:23.623Z] error: <httpProxy> [
  500,
  Error: getaddrinfo ENOTFOUND jellyfin.host.or.ip
      at GetAddrInfoReqWrap.onlookup [as oncomplete] (node:dns:108:26) {
    errno: -3008,
    code: 'ENOTFOUND',
    syscall: 'getaddrinfo',
    hostname: 'jellyfin.host.or.ip'
  }
]
[2023-10-19T01:08:28.800Z] error: <httpProxy> Error calling http://jellyfin.host.or.ip/emby/Sessions...
[2023-10-19T01:08:28.800Z] error: <httpProxy> [
  500,
  Error: getaddrinfo ENOTFOUND jellyfin.host.or.ip
      at GetAddrInfoReqWrap.onlookup [as oncomplete] (node:dns:108:26) {
    errno: -3008,
    code: 'ENOTFOUND',
    syscall: 'getaddrinfo',
    hostname: 'jellyfin.host.or.ip'
  }
]
[2023-10-19T01:16:27.766Z] error: <qbittorrentProxyHandler> HTTP 404 getting data from qBittorrent.  Data: Not Found
[2023-10-19T01:16:28.046Z] error: <qbittorrentProxyHandler> HTTP 404 getting data from qBittorrent.  Data: Not Found
[2023-10-19T01:16:33.101Z] error: <qbittorrentProxyHandler> HTTP 404 getting data from qBittorrent.  Data: Not Found
[2023-10-19T01:16:43.645Z] error: <qbittorrentProxyHandler> HTTP 404 getting data from qBittorrent.  Data: Not Found
[2023-10-19T01:16:43.869Z] error: <qbittorrentProxyHandler> HTTP 404 getting data from qBittorrent.  Data: Not Found
[2023-10-19T01:16:48.989Z] error: <qbittorrentProxyHandler> HTTP 404 getting data from qBittorrent.  Data: Not Found
[2023-10-19T01:16:57.950Z] error: <qbittorrentProxyHandler> HTTP 404 getting data from qBittorrent.  Data: Not Found
[2023-10-19T01:17:03.000Z] error: <qbittorrentProxyHandler> HTTP 404 getting data from qBittorrent.  Data: Not Found
[2023-10-19T01:17:09.002Z] error: <qbittorrentProxyHandler> HTTP 404 getting data from qBittorrent.  Data: Not Found
[2023-10-19T01:17:23.015Z] error: <qbittorrentProxyHandler> HTTP 404 getting data from qBittorrent.  Data: Not Found
[2023-10-19T01:17:34.016Z] error: <qbittorrentProxyHandler> HTTP 404 getting data from qBittorrent.  Data: Not Found
[2023-10-19T01:17:43.029Z] error: <qbittorrentProxyHandler> HTTP 404 getting data from qBittorrent.  Data: Not Found
[2023-10-19T01:17:54.722Z] error: <qbittorrentProxyHandler> HTTP 404 getting data from qBittorrent.  Data: Not Found
[2023-10-19T01:17:55.075Z] error: <qbittorrentProxyHandler> HTTP 404 getting data from qBittorrent.  Data: Not Found
[2023-10-19T01:18:00.112Z] error: <qbittorrentProxyHandler> HTTP 404 getting data from qBittorrent.  Data: Not Found
[2023-10-19T01:18:06.476Z] error: <qbittorrentProxyHandler> HTTP 404 getting data from qBittorrent.  Data: Not Found
[2023-10-19T01:18:06.702Z] error: <qbittorrentProxyHandler> HTTP 404 getting data from qBittorrent.  Data: Not Found
[2023-10-19T01:18:11.913Z] error: <qbittorrentProxyHandler> HTTP 404 getting data from qBittorrent.  Data: Not Found
[2023-10-19T01:18:28.717Z] error: <qbittorrentProxyHandler> HTTP 404 getting data from qBittorrent.  Data: Not Found
[2023-10-19T01:18:29.084Z] error: <qbittorrentProxyHandler> HTTP 404 getting data from qBittorrent.  Data: Not Found
[2023-10-19T01:18:39.916Z] error: <qbittorrentProxyHandler> HTTP 404 getting data from qBittorrent.  Data: Not Found
[2023-10-19T01:18:51.022Z] error: <qbittorrentProxyHandler> HTTP 404 getting data from qBittorrent.  Data: Not Found
[2023-10-19T01:18:51.236Z] error: <qbittorrentProxyHandler> HTTP 404 getting data from qBittorrent.  Data: Not Found
[2023-10-19T01:18:52.657Z] error: <qbittorrentProxyHandler> HTTP 404 getting data from qBittorrent.  Data: Not Found
[2023-10-19T01:19:02.705Z] error: <qbittorrentProxyHandler> HTTP 404 getting data from qBittorrent.  Data: Not Found
[2023-10-19T01:19:04.839Z] error: <qbittorrentProxyHandler> HTTP 404 getting data from qBittorrent.  Data: Not Found
[2023-10-19T01:19:05.103Z] error: <qbittorrentProxyHandler> HTTP 404 getting data from qBittorrent.  Data: Not Found
[2023-10-19T01:19:10.152Z] error: <qbittorrentProxyHandler> HTTP 404 getting data from qBittorrent.  Data: Not Found
[2023-10-19T01:19:12.918Z] error: <qbittorrentProxyHandler> HTTP 404 getting data from qBittorrent.  Data: Not Found
[2023-10-19T01:19:30.986Z] error: <qbittorrentProxyHandler> HTTP 404 getting data from qBittorrent.  Data: Not Found
[2023-10-19T01:21:26.081Z] error: <qbittorrentProxyHandler> HTTP 404 getting data from qBittorrent.  Data: Not Found
[2023-10-19T01:21:26.391Z] error: <qbittorrentProxyHandler> HTTP 404 getting data from qBittorrent.  Data: Not Found
[2023-10-19T01:21:31.434Z] error: <qbittorrentProxyHandler> HTTP 404 getting data from qBittorrent.  Data: Not Found
[2023-10-19T01:21:46.995Z] error: <qbittorrentProxyHandler> HTTP 404 getting data from qBittorrent.  Data: Not Found
[2023-10-19T01:22:53.094Z] error: <qbittorrentProxyHandler> HTTP 404 getting data from qBittorrent.  Data: Not Found
[2023-10-19T01:22:53.254Z] error: <qbittorrentProxyHandler> HTTP 404 getting data from qBittorrent.  Data: Not Found
[2023-10-19T01:22:58.608Z] error: <qbittorrentProxyHandler> HTTP 404 getting data from qBittorrent.  Data: Not Found
[2023-10-19T01:23:03.228Z] error: <minecraftProxyHandler> Error: Timed out (10 seconds passed)
    at Timeout._onTimeout (/app/node_modules/.pnpm/minecraft-ping-js@1.0.2/node_modules/minecraft-ping-js/index.js:67:20)
    at listOnTimeout (node:internal/timers:569:17)
    at process.processTimers (node:internal/timers:512:7)
[2023-10-19T01:23:03.918Z] error: <qbittorrentProxyHandler> HTTP 404 getting data from qBittorrent.  Data: Not Found
[2023-10-19T01:23:04.476Z] error: <qbittorrentProxyHandler> HTTP 404 getting data from qBittorrent.  Data: Not Found
[2023-10-19T01:23:08.633Z] error: <qbittorrentProxyHandler> HTTP 404 getting data from qBittorrent.  Data: Not Found
[2023-10-19T01:23:14.492Z] error: <qbittorrentProxyHandler> HTTP 404 getting data from qBittorrent.  Data: Not Found
[2023-10-19T01:23:18.647Z] error: <qbittorrentProxyHandler> HTTP 404 getting data from qBittorrent.  Data: Not Found
[2023-10-19T01:23:19.739Z] error: <qbittorrentProxyHandler> HTTP 404 getting data from qBittorrent.  Data: Not Found
[2023-10-19T01:23:20.080Z] error: <qbittorrentProxyHandler> HTTP 404 getting data from qBittorrent.  Data: Not Found
[2023-10-19T01:23:29.121Z] error: <qbittorrentProxyHandler> HTTP 404 getting data from qBittorrent.  Data: Not Found
[2023-10-19T01:23:29.403Z] error: <qbittorrentProxyHandler> HTTP 404 getting data from qBittorrent.  Data: Not Found
[2023-10-19T01:23:29.726Z] error: <minecraftProxyHandler> Error: Timed out (10 seconds passed)
    at Timeout._onTimeout (/app/node_modules/.pnpm/minecraft-ping-js@1.0.2/node_modules/minecraft-ping-js/index.js:67:20)
    at listOnTimeout (node:internal/timers:569:17)
    at process.processTimers (node:internal/timers:512:7)
[2023-10-19T01:23:30.044Z] error: <minecraftProxyHandler> Error: Timed out (10 seconds passed)
    at Timeout._onTimeout (/app/node_modules/.pnpm/minecraft-ping-js@1.0.2/node_modules/minecraft-ping-js/index.js:67:20)
    at listOnTimeout (node:internal/timers:569:17)
    at process.processTimers (node:internal/timers:512:7)
[2023-10-19T01:23:34.458Z] error: <qbittorrentProxyHandler> HTTP 404 getting data from qBittorrent.  Data: Not Found
[2023-10-19T01:23:38.477Z] error: <qbittorrentProxyHandler> HTTP 404 getting data from qBittorrent.  Data: Not Found
[2023-10-19T01:23:38.697Z] error: <qbittorrentProxyHandler> HTTP 404 getting data from qBittorrent.  Data: Not Found
[2023-10-19T01:27:26.872Z] error: <qbittorrentProxyHandler> HTTP 404 getting data from qBittorrent.  Data: Not Found
[2023-10-19T01:27:27.228Z] error: <qbittorrentProxyHandler> HTTP 404 getting data from qBittorrent.  Data: Not Found
[2023-10-19T01:27:37.282Z] error: <qbittorrentProxyHandler> HTTP 404 getting data from qBittorrent.  Data: Not Found
[2023-10-19T01:27:57.914Z] error: <qbittorrentProxyHandler> HTTP 404 getting data from qBittorrent.  Data: Not Found
